0001                         *NAMES: RENE MOISE KWIBUKA & DAVID BURMEIER
0002                         *START DATE : OCTOBER 10, 2015.
0003                         *END DATE : 	NOVEMBER 05, 2015
0004                         *DURATION: 4 WEEKS
0005                         *EDITED ALONG WITH HARDWARE CONSTRUCTION: JAN - MARCH 2016
0006                         
0007                         
0008                         *THIS PROGRAM IS A LASER PROJECT PROGRAM
0009                         
0010                         
0011                         ****************************************************************************************
0012                         *******				START OF THE PROGRAM	    ********	
0013                         ****************************************************************************************
0014                         
0015 e000                           ORG	$E000	WHERE TO STORE THE PROGRAM (BENEFIT OF ASSEMBLER)
0016                         
0017                         ****************************************************************************************
0018                         *******				DEFINE CONSTANTS		   ********	
0019                         ****************************************************************************************
0020 0010                    COUNTER		EQU	$10		COUNTER
0021 0012                    SHIFT_VAL	EQU     18		SHIFT MAX VALUE
0022 0020                    BUFFER		EQU	$20		BUFFER LOCATION
0023 0030                    MODE_L		EQU	$30		MODE LOCATION
0024 0040                    SHIFT_L		EQU	$40		SHIFT LOCATION
0025 0050                    X_OFFSET	EQU	$50		X_OFFSET LOCATION.
0026 0060                    MULTLASSTR	EQU	$60		WHEN MULTIPLYING BY 32, WE NEED THIS LOCATION 
0027 0070                    DELCOUNT	EQU	$70		DELAY COUNTER HOLDER				
0028 00ff                    STACK		EQU	$FF		STACK VALUE
0029 a000                    OFF		EQU	$A000		LASER OFF
0030 a001                    ON		EQU	$A001		LASER ON
0031 b000                    PIA_DDRA	EQU	$B000		PIA DDRA
0032 b001                    PIA_CRA		EQU	$B001			PIA CRA
0033 b002                    PIA_DDRB	EQU	$B002		PIA DRRB
0034 b003                    PIA_CRB		EQU	$B003			PIA CRB
0035 c000                    REG_0		EQU	$C000		INITIALIZE LCD REGISTER 0
0036 c001                    REG_1		EQU	$C001		SET LCD REGISTER 1
0037 d000                    KEYBD		EQU	$D000		KEYBOARD INPUT
0038 f000                    ASCII_TABLE	EQU 	$F000		ASCII TABLE LOCATION
0039 f900                    MODE_3_STR	EQU	$F900		MODE 3 STRING LOCATION
0040 1039                    D_ACONV		EQU	$1039		OPTION
0041 1030                    ST_REG		EQU	$1030		A/D CONTROL/STATUS REGISTER
0042 1031                    ADR_READ	EQU	$1031		READ CONVERTED ANALOG FROM HERE
0043                         
0044                         ****************************************************************************************
0045                         *******				CHARACTERS LOCATION		   ********	
0046                         ****************************************************************************************
0047                         
0048 f040                    DIG_0	EQU	$F040	Digit 0 to Digit 9 sequentially.
0049 f060                    DIG_1	EQU	$F060
0050 f080                    DIG_2	EQU	$F080
0051 f0a0                    DIG_3	EQU	$F0A0
0052 f0c0                    DIG_4	EQU	$F0C0
0053 f0e0                    DIG_5	EQU	$F0E0
0054 f100                    DIG_6	EQU	$F100
0055 f120                    DIG_7	EQU	$F120
0056 f140                    DIG_8	EQU	$F140
0057 f160                    DIG_9	EQU	$F160
0058 f180                    LET_A	EQU	$F180	Letter A through Letter z
0059 f1a0                    LET_B	EQU	$F1A0
0060 f1c0                    LET_C	EQU	$F1C0
0061 f1e0                    LET_D	EQU	$F1E0
0062 f200                    LET_E	EQU	$F200
0063 f220                    LET_F	EQU	$F220
0064 f240                    LET_G	EQU	$F240
0065 f260                    LET_H	EQU	$F260
0066 f280                    LET_I	EQU	$F280
0067 f2a0                    LET_J	EQU	$F2A0
0068 f2c0                    LET_K	EQU	$F2C0
0069 f2e0                    LET_L	EQU	$F2E0
0070 f300                    LET_M	EQU	$F300
0071 f320                    LET_N	EQU	$F320
0072 f340                    LET_O	EQU	$F340
0073 f360                    LET_P	EQU	$F360
0074 f380                    LET_Q	EQU	$F380
0075 f3a0                    LET_R	EQU	$F3A0
0076 f3c0                    LET_S	EQU	$F3C0
0077 f3e0                    LET_T	EQU	$F3E0
0078 f400                    LET_U	EQU	$F400
0079 f420                    LET_V	EQU	$F420
0080 f440                    LET_W	EQU	$F440
0081 f460                    LET_X	EQU	$F460
0082 f480                    LET_Y	EQU	$F480
0083 f4a0                    LET_Z	EQU	$F4A0
0084 f4c0                    MODE4_PATTERN	EQU 	$F4C0
0085                         ****************************************************************************************
0086                         *******				INITIALIZATION					********
0087                         *Since we are using subroutines and interrupts, some initializations are a must.	
0088                         *Among them are to clear index, initialize the stack,and initialize the buffer.
0089                         ****************************************************************************************`
0090 e000 0e                 	CLI			CLEAR INTERRUPT INDEX
0091 e001 7f 00 30           	CLR	MODE_L		CLEAR MODE
0092 e004 7c 00 30                  	INC	MODE_L		MAKE MODE 1
0093 e007 7f 00 40           	CLR	SHIFT_L		CLEAR SHIFT VALUE HOLDER
0094 e00a 7f 00 50           	CLR	X_OFFSET	CLEAR	X_OFFSET
0095 e00d 8e 00 ff           	LDS	#STACK		INITIALIZE THE STACK POINTER
0096 e010 86 ff              	LDAA	#$FF		LOAD A WITH FF
0097 e012 18 ce 00 20        	LDY	#BUFFER		LOAD Y WITH BUFFER STARTING LOCATION
0098 e016 97 20              	STAA	BUFFER		STORE FF AT BUFFER
0099 e018 97 21              	STAA	BUFFER+1 	STORE FF AT BUFFER
0100 e01a 97 22              	STAA	BUFFER+2	STORE FF AT BUFFER
0101 e01c 97 23              	STAA	BUFFER+3	STORE FF AT BUFFER
0102                         
0103                         *******			INITIALIZATION ANALOG TO DIGITAL********
0104                         
0105                         		
0106                         		
0107                         
0108                         *******			INITIALIZATION LCD		     ********
0109                         
0110 e01e bd e0 23           		JSR		INIT_LCD
0111 e021 20 44              		BRA		PIA_INIT
0112                         
0113                         INIT_LCD
0114                         * INITIALIZING THE D/A FIRST
0115 e023 ce 10 39           		LDX		#D_ACONV
0116 e026 1c 00 80           		BSET		0,X 	%10000000		SET BIT 7 OF DIG ANAL CONVER
0117                         
0118 e029 ce c0 00                  		LDX		#REG_0			LOAD X WITH REG_0 VALUE
0119 e02c 1e 00 80 fc        HERE1		BRSET		0,X	$80	HERE1		BRANCH BACK HERE IF BF = 1
0120 e030 86 01              		LDAA		#$01				LOAD A WITH $01
0121 e032 b7 c0 00           		STAA		REG_0				STORE IN REG_0
0122                         
0123 e035 1e 00 80 fc        HERE2 	BRSET			0,X	$80	HERE2 	BRANCH BACK HERE IF BF = 1
0124 e039 86 30              		LDAA		#$30			LOAD A WITH $01
0125 e03b b7 c0 00           		STAA		REG_0				STORE IN REG_0
0126                         
0127 e03e 1e 00 80 fc        HERE3		BRSET		0,X	$80	HERE3		BRANCH BACK HERE IF BF = 1
0128 e042 86 08              		LDAA		#$08				LOAD A WITH $01
0129 e044 b7 c0 00           		STAA		REG_0				STORE IN REG_0
0130                         
0131 e047 1e 00 80 fc        HERE4		BRSET		0,X	$80	HERE4		BRANCH BACK HERE IF BF = 1
0132 e04b 86 06              		LDAA		#$06				LOAD A WITH $01
0133 e04d b7 c0 00           		STAA		REG_0				STORE IN REG_0
0134                         
0135 e050 1e 00 80 fc        HERE5		BRSET		0,X	$80	HERE5		BRANCH BACK HERE IF BF = 1
0136 e054 86 3c              		LDAA		#$3C				LOAD A WITH $01
0137 e056 b7 c0 00           		STAA		REG_0				STORE IN REG_0
0138                         
0139 e059 1e 00 80 fc        HERE6 		BRSET		0,X	$80	HERE6		BRANCH BACK HERE IF BF = 1
0140 e05d 86 0f              		LDAA		#$0F				LOAD A WITH $01
0141 e05f b7 c0 00           		STAA		REG_0				STORE IN REG_0
0142                         
0143 e062 1e 00 80 fc        HERE7 		BRSET		0,X	$80	HERE7		BRANCH BACK HERE IF BF = 1
0144                         
0145 e066 39                 		RTS	
0146                         
0147                         
0148                         *******			INITIALIZATION OF PIA		     ********
0149                         
0150                         PIA_INIT
0151                         
0152                         ***************		 INITIALIZE PIA A 	*************************
0153 e067 ce b0 01           		LDX		#PIA_CRA		LOAD PIA CRA VALUE TO X
0154 e06a 1d 00 04           		BCLR		0,X %00000100		SET BIT 2 OF CRA TO 0 (ACCESS DDRA)
0155 e06d 86 ff              		LDAA		#$FF			LOAD ACC A WITH FF
0156 e06f b7 b0 00           		STAA		PIA_DDRA		STORE FF IN B000 (SET DDRA TO FF)
0157 e072 ce b0 01           		LDX		#PIA_CRA		LOAD PIA CRA TO X
0158 e075 1c 00 04           		BSET		0,X %00000100		SET BIT 2 OF CRA TO 1 (ACCESS DRA)
0159                         
0160                         ***************		 INITIALIZE PIA B 	*************************
0161 e078 ce b0 03           		LDX		#PIA_CRB		LOAD CRB VALUE IN X
0162 e07b 1d 00 04           		BCLR		0,X  %00000100	SET BIT 2 OF CRB TO 0 (ACCESS DDRB)
0163 e07e 86 ff              		LDAA		#$FF			LOAD ACC A WITH FF
0164 e080 ce b0 03           		LDX		#PIA_CRB		LOAD CRB VALUE IN X
0165 e083 b7 b0 02           		STAA		PIA_DDRB		STORE FF IN B002 (SET DDRB TO FF)
0166 e086 1c 00 04           		BSET		0,X %00000100		SET BIT 2 OF CRB TO 1 (ACCESS DRB)
0167                         		
0168 e089 bd e1 87           		JSR		DELAY
0169                         * ANOTHER INITIALIZATION OF D/A AFTER AT LEAST 100us
0170 e08c ce 10 30           		LDX		#ST_REG
0171 e08f 1c 00 20           		BSET		0,X %00100000
0172                         
0173                         ****************************************************************************************
0174                         *******					MAIN		     			********	
0175                         ****************************************************************************************`
0176                         
0177                         MAIN	
0178 e092 b6 10 31           	LDAA		ADR_READ
0179 e095 b7 e1 03           	STAA		$E103
0180 e098 7f 00 10           	CLR 		COUNTER		CLEAR COUNTER LOCATION
0181 e09b 7c 00 10           	INC 		COUNTER		STORE A 1 IN COUNTER LOCATION
0182 e09e ce 00 30           	LDX 		#MODE_L		LOADING X WITH MODE_LOC
0183 e0a1 96 10                     	LDAA		COUNTER		LOAD A 1 IN A
0184 e0a3 a1 00                     	CMPA		0,X		CHECK IF MODE IS 1 
0185 e0a5 27 eb                     	BEQ		MAIN		IF YES BRANCH TO MAIN
0186 e0a7 7c 00 10                  	INC		COUNTER		MAKE COUNTER 2
0187 e0aa 96 10                     	LDAA		COUNTER		LOAD 2 IN A
0188 e0ac a1 00                     	CMPA		0,X		CHECK IF MODE IS 2
0189 e0ae 27 1a                     	BEQ		MODE_2 		BRANCH TO MODE 2
0190 e0b0 7c 00 10                  	INC		COUNTER		MAKE COUNTER 3
0191 e0b3 96 10                     	LDAA		COUNTER		LOAD 3 IN A
0192 e0b5 a1 00                     	CMPA		0,X		CHECK IF MODE IS 3
0193 e0b7 27 0b                     	BEQ		GOMODE_3	BRANCH TO MODE 3
0194 e0b9 7c 00 10                  	INC		COUNTER		MAKE COUNTER 4
0195 e0bc 96 10                     	LDAA		COUNTER		LOAD 4 IN A
0196 e0be a1 00                     	CMPA		0,X		CHECK IF MODE IS 4
0197 e0c0 27 05                     	BEQ		GOMODE_4	BRANCH TO MODE 4
0198 e0c2 20 ce                     	BRA 		MAIN		BRANCH TO MAIN
0199                         
0200                         GOMODE_3
0201 e0c4 7e e1 35           	JMP	MODE_3	JUMP TO MODE 3
0202                         
0203                         GOMODE_4
0204 e0c7 7e e1 ac           	JMP	MODE_4	JUMP TO MODE 4 
0205                         
0206                         
0207                         ****************************************************************************************
0208                         *******				MODE_2	    		 ********	
0209                         ****************************************************************************************
0210                         
0211                         MODE_2
0212                         
0213                         CHECKB	
0214 e0ca 86 ff              	LDAA		#$FF		LOADS $FF INTO ACCUMULATOR A
0215 e0cc 18 a1 00           	CMPA		0,Y		CHECK IF VALUE IN BUFFER IS $FF
0216 e0cf 27 c1                     	BEQ		MAIN		IF BUFFER CONTAINS $FF, GO BACK TO MAIN
0217 e0d1 18 e6 00           	LDAB		0,Y		LOAD VALUE IN BUFFER INTO ACCUMULATOR B
0218 e0d4 86 20              	LDAA		#32		LOAD A WITH 32
0219 e0d6 3d                 	MUL				MULTIPLY A WITH B
0220 e0d7 c3 f0 40           	ADDD		#DIG_0	ADD WHAT IS IN D WITH THE VALUE AT LASER
0221 e0da dd 60              	STD 		MULTLASSTR	STORE THE LOCATION AT THIS MULTLASSTR
0222                         
0223 e0dc de 60              	LDX		MULTLASSTR	LOAD IT FROM MULTLASSTR
0224                         
0225                         NEXTY
0226 e0de 86 ff                     	LDAA		#$FF			LOAD #$FF INTO ACCUMULATOR A
0227 e0e0 a1 00                     	CMPA		0,X			COMPARE THE Y COORDINATE TO $FF
0228 e0e2 27 1d              	BEQ 		LASOFFADJ		IF TRUE, TURN OFF THE LASER
0229 e0e4 86 00              	LDAA 		#$00			LOAD #$00 INTO ACCUMULATOR A
0230 e0e6 a1 00              	CMPA 		0,X			COMPARE THE Y COORDINATE TO $00
0231 e0e8 27 0b              	BEQ 		LASOFFNEXTY	IF TRUE, TURN OFF THE LASER
0232 e0ea 86 01              	LDAA 		#$01			LOAD #$01 INTO ACCUMULATOR A
0233 e0ec a1 00              	CMPA		 0,X			COMPARE THE Y COORDINATE TO $01
0234 e0ee 27 0b              	BEQ 		LASONNEXTY		TURN LASER ON
0235 e0f0 bd e1 60           	JSR		DISPLAY		JUMP TO SUBROUTINE
0236 e0f3 20 e9              	BRA		NEXTY			BRANCH
0237                         
0238                         
0239                         LASOFFNEXTY
0240 e0f5 bd e1 7b           	JSR		LASOFF		JUMP TO SUBROUTINE
0241 e0f8 08                 	INX					INCREMENT X
0242 e0f9 20 e3              	BRA		NEXTY			BRANCH
0243                         
0244                         LASONNEXTY
0245 e0fb bd e1 72           	JSR 		LASON			JUMP TO SUBROUTINE
0246 e0fe 08                 	INX
0247 e0ff 20 dd              	BRA		NEXTY			BRANCH
0248                         
0249                         
0250                         LASOFFADJ
0251 e101 bd e1 7b           	JSR 		LASOFF		JUMP TO LASOFF SUBROUTINE
0252 e104 20 00              	BRA		ADJUSTX		BRANCH
0253                         
0254                         ADJUSTX	
0255 e106 ce 00 50                 	LDX		#X_OFFSET	LOAD X WITH THE ADDRESS OF THE OFFSET
0256 e109 a6 00                     	LDAA		0,X		LOAD A WITH THE VALUE IN X
0257 e10b 8b 40              	ADDA		#64		ADD 64 ON ACC VALUE
0258 e10d 81 ff                     	CMPA  		#255		COMPARE IT WITH 255	
0259 e10f 25 04                     	BLO		ADJBUFF		IF GREATER OR EQUAL GO ADJSUT BUFFER
0260 e111 86 00                     	LDAA		#00		LOAD A WITH 0
0261 e113 20 00                     	BRA		ADJBUFF	BRANCH TO ADJUST BUFFER
0262                         
0263                         ADJBUFF	
0264 e115 a7 00              	STAA		0,X		RESET THE X_OFFSET
0265 e117 18 08              	INY				INCREMENT THE CURRENT BUFFER POINTER
0266 e119 18 a6 00           	LDAA		0,Y
0267 e11c 81 ff              	CMPA		#$FF
0268 e11e 27 0c              	BEQ		RES_Y
0269 e120 18 8c 00 24        	CPY		#$24		COMPARE IT WITH THE VALUE 24
0270 e124 25 5e              	BLO		GOMAIN		IF LESS BRA TO MAIN
0271 e126 18 ce 00 20        	LDY		#BUFFER		ELSE RESET IT WITH 20	
0272 e12a 20 58              	BRA		GOMAIN		AND GO BACK TO MAIN
0273                         
0274                         RES_Y
0275 e12c 18 ce 00 20        	LDY		#BUFFER		ELSE RESET IT WITH 20
0276 e130 7f 00 50           	CLR		X_OFFSET	
0277 e133 20 4f              	BRA		GOMAIN		AND GO BACK TO MAIN	
0278                         
0279                         
0280                         ****************************************************************************************
0281                         *******				MODE_3	    		 ********	
0282                         ****************************************************************************************
0283                         
0284                         MODE_3	
0285                         	
0286 e135 ce f9 00           	LDX   		#MODE_3_STR		LOAD X WITH MODE_3_STR LOCATION
0287                         NEXTY_3
0288 e138 86 ff              	LDAA		#$FF			LOAD #$FF INTO ACCUMULATOR A
0289 e13a a1 00                      CMPA		0,X			COMPARE THE Y COORDINATE TO $FF
0290 e13c 27 11              	BEQ 		GOOFFMAIN 		IF TRUE, TURN OFF THE LASER
0291 e13e 86 00              	LDAA		 #$00			LOAD #$00 INTO ACCUMULATOR A
0292 e140 a1 00              	CMPA 		0,X			COMPARE THE Y COORDINATE TO $00
0293 e142 27 10              	BEQ 		GOOFFNEXTY3	IF TRUE, TURN OFF THE LASER
0294 e144 86 01              	LDAA		 #$01			LOAD #$01 INTO ACCUMULATOR A
0295 e146 a1 00              	CMPA 		0,X			COMPARE THE Y COORDINATE TO $01
0296 e148 27 10              	BEQ 		GOONNEXTY3		TURN LASER ON
0297 e14a bd e1 60           	JSR 		DISPLAY
0298 e14d 20 e9              	BRA		NEXTY_3
0299                         
0300                         GOOFFMAIN
0301 e14f bd e1 7b           	JSR		LASOFF		JUMP TO SUBROUTINE
0302 e152 20 30              	BRA		GOMAIN		BRANCH
0303                         
0304                         GOOFFNEXTY3
0305 e154 bd e1 7b           	JSR		LASOFF		JUMP TO SUBROUTINE
0306 e157 08                 	INX					INCREMENT X
0307 e158 20 de              	BRA		NEXTY_3		BRANCH
0308                         
0309                         GOONNEXTY3
0310 e15a bd e1 72           	JSR		LASON			JUMP TO SUBROUTINE
0311 e15d 08                 	INX
0312 e15e 20 d8              	BRA 		NEXTY_3		BRANCH
0313                         
0314                         DISPLAY
0315 e160 a6 00              	LDAA		0,X
0316 e162 9b 50              	ADDA		X_OFFSET		ADD X TO OFFSET VALUE
0317 e164 b7 b0 00           	STAA		PIA_DDRA		STORE IT AT PIA_DDRB (AT DDRB)
0318 e167 08                 	INX					INCREMENT X
0319 e168 a6 00              	LDAA		0,X			LOAD Y VALUE
0320 e16a b7 b0 02           	STAA		PIA_DDRB 		STORE A AT B000
0321 e16d bd e1 87           	JSR		DELAY			JUMP TO DELAY
0322 e170 08                 	INX
0323 e171 39                 	RTS
0324                         
0325                         LASON	
0326 e172 86 ff              		LDAA		#$FF			LOAD 0 IN A
0327 e174 b7 a0 01           		STAA		ON			STORE IN A000 AND TURN ON
0328 e177 bd e1 87           		JSR 		DELAY			JUMP TO DELAY
0329 e17a 39                 		RTS
0330                         
0331                         LASOFF
0332 e17b 86 ff              		LDAA		#$FF		LOAD 0 IN A
0333 e17d b7 a0 00           		STAA		OFF		STORE IN A000 AND TURN OFF
0334 e180 bd e1 87           		JSR 		DELAY		JUMP TO DELAY		
0335 e183 39                 		RTS
0336                         
0337                         GOMAIN
0338 e184 7e e0 92           		JMP MAIN
0339                         DELAY
0340 e187 7f 00 70           		CLR		DELCOUNT (3)		LOAD X WITH 0
0341 e18a 86 fa              		LDAA		#250
0342                         
0343 e18c 91 70              AGAIN		CMPA		DELCOUNT (3)		COMPARE 14 TO THE VAL
0344 e18e 27 05              		BEQ 		AGAIN4 (3)	IF 14 GO RETURN
0345 e190 7c 00 70           		INC		DELCOUNT (6)		INCREMENT DELAY COUNTER
0346 e193 20 f7              		BRA		AGAIN	(3)		BRANCH AGAIN
0347                         
0348                         *AGAIN2		CLR		DELCOUNT (3)		LOAD X WITH 0
0349                         *		LDAA		#250
0350                         	
0351                         *AGAIN3		CMPA		DELCOUNT (3)		COMPARE 14 TO THE VAL
0352                         *		BEQ 		AGAIN4		IF 14 GO RETURN
0353                         *		INC		DELCOUNT (6)		INCREMENT DELAY COUNTER
0354                         *		BRA		AGAIN3	(3)		BRANCH AGAIN
0355                         
0356 e195 7f 00 70           AGAIN4		CLR		DELCOUNT (3)		LOAD X WITH 0
0357 e198 b6 10 31           		LDAA		ADR_READ
0358                         	
0359 e19b 91 70              AGAIN5		CMPA		DELCOUNT (3)		COMPARE 14 TO THE VAL
0360 e19d 27 0c              		BEQ 		SUBRET(3)	IF 14 GO RETURN
0361 e19f 7c 00 70           		INC		DELCOUNT (6)		INCREMENT DELAY COUNTER
0362 e1a2 01                 		NOP
0363 e1a3 01                 		NOP
0364 e1a4 01                 		NOP
0365 e1a5 01                 		NOP
0366 e1a6 01                 		NOP
0367 e1a7 01                 		NOP
0368 e1a8 01                 		NOP
0369 e1a9 20 f0              		BRA		AGAIN5	(3)		BRANCH AGAIN
0370                         
0371                         SUBRET
0372 e1ab 39                 		RTS					RETURN FROM SUBROUTINE.
0373                         
0374                         ****************************************************************************************
0375                         *******				MODE_4	    		 ********	
0376                         ****************************************************************************************
0377                         MODE_4	
0378                         	
0379 e1ac ce f4 c0           	LDX   		#MODE4_PATTERN		LOAD X WITH MODE_3_STR LOCATION
0380                         NEXTY_4
0381 e1af 86 ff              	LDAA		#$FF			LOAD #$FF INTO ACCUMULATOR A
0382 e1b1 a1 00                      CMPA		0,X			COMPARE THE Y COORDINATE TO $FF
0383 e1b3 27 9a              	BEQ 		GOOFFMAIN 		IF TRUE, TURN OFF THE LASER
0384 e1b5 86 00              	LDAA		 #$00			LOAD #$00 INTO ACCUMULATOR A
0385 e1b7 a1 00              	CMPA 		0,X			COMPARE THE Y COORDINATE TO $00
0386 e1b9 27 0b              	BEQ 		GOOFFNEXTY4	IF TRUE, TURN OFF THE LASER
0387 e1bb 86 01              	LDAA		 #$01			LOAD #$01 INTO ACCUMULATOR A
0388 e1bd a1 00              	CMPA 		0,X			COMPARE THE Y COORDINATE TO $01
0389 e1bf 27 0b              	BEQ 		GOONNEXTY4		TURN LASER ON
0390 e1c1 bd e1 60           	JSR 		DISPLAY
0391 e1c4 20 e9              	BRA		NEXTY_4
0392                         
0393                         
0394                         GOOFFNEXTY4
0395 e1c6 bd e1 7b           	JSR		LASOFF		JUMP TO SUBROUTINE
0396 e1c9 08                 	INX					INCREMENT X
0397 e1ca 20 e3              	BRA		NEXTY_4		BRANCH
0398                         
0399                         GOONNEXTY4
0400 e1cc bd e1 72           	JSR		LASON			JUMP TO SUBROUTINE
0401 e1cf 08                 	INX
0402 e1d0 20 dd              	BRA 		NEXTY_4		BRANCH
0403                         
0404                         ****************************************************************************************
0405                         *******		INTERRUPT BLOCK		     ********	
0406                         ****************************************************************************************
0407                         ISR	
0408 e1d2 f6 d0 00           	LDAB		KEYBD			READ FROM KEYBOARD
0409 e1d5 c1 12              	CMPB		#18			COMPARE THE KEY VALUE TO MODE
0410 e1d7 27 34              	BEQ		MODE			GO UPDATE MODE
0411 e1d9 c1 13              	CMPB		#19			ELSE COMPARE TO 19
0412 e1db 27 52              	BEQ		SHIFT			IF EQUAL GO UPDATE SHIFT
0413 e1dd db 40              	ADDB		SHIFT_L	           	 ELSE ADD B TO THE SHIFT VALUE
0414 e1df 7f 00 40                  CLR		SHIFT_L 		CLEAR SHIFT LOCATION    
0415 e1e2 18 ce 00 20               LDY		#BUFFER		LOAD Y WITH BUFFER VALUE                                                                                                                                                                                                                                                                                                                                                                                                                                                                                  
0416                                                                                                                                                                                                                                                                                                                                                                                                                                                                                                                                                        
0417                                                                                                                                                                                                                                                                                                                                                                                                                                                                                                                                                        
0418                                                                                                                                                                                                                                                                                                                                                                                                                                                                                                                                                        
0419                                                                                                                                                                                                                                                                                                                                                                                                   
0420                                
0421                         CHECKBUF 
0422 e1e6 86 ff                     LDAA		#$FF			LOAD A WITH FF
0423 e1e8 18 a1 00           	CMPA		0,Y			COMPARE A WITH WHAT IS POINTED TO BY Y
0424 e1eb 26 16              	BNE		INCBUF		BRANCH NOT EQUAL
0425 e1ed 18 e7 00           STORE	STAB	 	0,Y			STORE THE KEY IN BUFFER
0426 e1f0 ce f0 00           	LDX		#ASCII_TABLE		LOAD X WITH ACSCII_TABLE LOCATION 
0427 e1f3 3a                        ABX					ADD ACCUMULATOR B TO X
0428 e1f4 a6 00                     LDAA		0,X			LOAD IN ACC A WHAT IS POINTED TO BY Y
0429 e1f6 1e 00 80 fc        HERE8 	BRSET		0,X	$80	HERE8		BRANCH BACK HERE IF BF = 1
0430 e1fa b7 c0 01           	STAA		REG_1			STORE X AT REG_1
0431 e1fd 1e 00 80 fc        HERE9 	BRSET		0,X	$80	HERE9		BRANCH BACK HERE IF BF = 1
0432 e201 20 56              	BRA 		RETURN		BRANCH
0433                         
0434                         INCBUF	
0435 e203 18 08              	INY			 		INCREMENT Y
0436 e205 18 8c 00 24        	CPY		#$24			COMPARE Y TO 24
0437 e209 26 db              	BNE 		CHECKBUF		BRANCH NOT EQUAL
0438 e20b 20 4c              	BRA		RETURN		RETURN
0439                         	
0440                         MODE
0441 e20d 96 10              	LDAA		COUNTER
0442 e20f b7 f1 01           	STAA		$F101
0443 e212 96 40              	LDAA		SHIFT_L		LOAD A WITH WHAT IS IN SHIFT_L
0444 e214 81 00              	CMPA		#$00			COMPARE IT WITH 0
0445 e216 26 29              	BNE		CLEAR			BRANCH NOT EQUAL TO CLEAR
0446 e218 7f 00 40           	CLR		SHIFT_L		CLEAR SHIFT_L
0447 e21b 7c 00 30           	INC		MODE_L		INCREMENT THE MODE IN MODE_L
0448 e21e 96 30              	LDAA		MODE_L		LOAD THE MODE VALUE IN A
0449 e220 b7 e1 00           	STAA		$E100
0450 e223 81 05              	CMPA		#5			COMPARE THE MODE TO 5
0451 e225 26 32              	BNE		RETURN		IF LESS RETURN
0452 e227 7f 00 30                  CLR		MODE_L		ELSE	CLEAR THE MODE
0453 e22a 7c 00 30                  INC		MODE_L		MAKE IT A 1
0454 e22d 20 2a                     BRA 		RETURN		BRANCH TO RETURN		
0455                         
0456                         SHIFT	
0457 e22f 96 40              	LDAA		SHIFT_L		LOAD A WITH THE SHIFT VALUE
0458 e231 81 00              	CMPA		#0			COMPARE IF IT IS 0
0459 e233 27 06              	BEQ		NOW20			IF 0, GO MAKE IT 20
0460 e235 86 00              	LDAA		#0			ELSE MAKE IT 0
0461 e237 97 40              	STAA		SHIFT_L		STORE THE SHIFT VALUE BACK IN THE MEM LOC
0462 e239 20 1e              	BRA 		RETURN		GO RETURN
0463                         
0464                         NOW20
0465 e23b 86 12              	LDAA		#SHIFT_VAL		LOAD A WITH 20
0466 e23d 97 40              	STAA		SHIFT_L		STORE THE SHIFT VALUE BACK IN SHIFT_L
0467 e23f 20 18              	BRA 		RETURN		GO RETURN
0468                         
0469                         CLEAR
0470 e241 bd e0 23           	JSR		INIT_LCD
0471 e244 7f 00 50           	CLR		X_OFFSET		CLEAR X_OFFSET
0472 e247 7f 00 40                   CLR		SHIFT_L		CLEAR SHIFT	
0473 e24a ce 00 20           	LDX		#BUFFER		LOAD THE ADDRESS OF BUFFER IN X
0474 e24d 86 ff              	LDAA		#$FF			LOAD VALUE FF IN ACC A
0475 e24f a7 00              CLRAG	STAA		0,X			STORE WHAT IS STORED IN ACC IN THE BUFFER
0476 e251 08                 	INX					INCREMENT X
0477 e252 8c 00 24           	CPX		#$24			COMPARE WITH THE END OF THE BUFFER
0478 e255 27 02              	BEQ		RETURN		RETURN
0479 e257 20 f6              	BRA 		CLRAG			CLEAR
0480                         
0481                         RETURN
0482 e259 3b                 	RTI					RETURN FROM THE INTERRUPT
0483                         ****************************************************************************************
0484                         *******		CONCLUDING LINES OF CODE		     ********	
0485                         ****************************************************************************************
0486                         		
0487                         *******		LCDSTRING		     ********	
0488 f000                    	ORG	ASCII_TABLE
0489 f000 30 31 32 33 34 35  	FCB	$30, $31, $32, $33, $34,$35, $36, $37, $38, $39
     36 37 38 39
0490 f00a 41 42 43 44 45 46  	FCB	$41, $42, $43, $44, $45, $46, $47, $48, $49, $4A, $4B, $4C, $4D, $4E, $4F, $50, $51
     47 48 49 4a 4b 4c
     4d 4e 4f 50 51
0491 f01b 52 53 54 55 56 57          FCB	$52, $53, $54, $55, $56, $57, $58, $59, $5A
     58 59 5a
0492                         
0493                         *******		MODE 3 LASER STRING		     ********	
0494 f900                    	ORG	MODE_3_STR			MODE_3_VECTOR
0495 f900 05 05 01 05 fb fb  	FCB	5,5,01,5,251,251,251,251,5,5,5,251,251,00,05,251,01,251,5,00,$FF
     fb fb 05 05 05 fb
     fb 00 05 fb 01 fb
     05 00 ff
0496                         
0497                         	
0498 fff2                    	ORG	$FFF2	INTERRUPT VECTOR
0499 fff2 e1 d2              	FDB	ISR				FORM INTERRUPT VECTOR BYTE
0500 fffe                    	ORG	$FFFE	MOVES ASSEMBLER OUTPUT LOCATION TO $FFFE (FOR HARDWARE)
0501 fffe e0 00              	FDB	$E000	FORMS RESET VECTOR FOR HARDWARE
0502                         
0503 f040                    	ORG 	DIG_0
0504 f040 0b                 	FCB	$B	X
0505 f041 0a                 	FCB	$A	Y
0506 f042 01                 	FCB	$01	ON
0507 f043 0b                 	FCB	$B	X
0508 f044 fc                 	FCB	$FC	Y
0509 f045 3c                 	FCB	$3C	X
0510 f046 fc                 	FCB	$FC	Y
0511 f047 3c                 	FCB	$3C	X
0512 f048 0a                 	FCB	$A	Y
0513 f049 0b                 	FCB	$B	X
0514 f04a 0a                 	FCB	$A	Y
0515 f04b 00                 	FCB	$00	OFF
0516 f04c ff                 	FCB	$FF    END
0517                         
0518 f060                    	ORG  DIG_1
0519 f060 09                 	FCB	$9	X
0520 f061 9c                 	FCB	$9C	Y
0521 f062 01                 	FCB	$01	ON
0522 f063 3c                 	FCB	$3C	X
0523 f064 fa                 	FCB	$FA	Y
0524 f065 3c                 	FCB	$3C	X
0525 f066 0d                 	FCB	$D	Y
0526 f067 00                 	FCB	$00	OFF
0527 f068 ff                 	FCB	$FF    END
0528                         
0529                         
0530 f080                    	ORG    DIG_2
0531 f080 0e                 	FCB	$E	X
0532 f081 b6                 	FCB	$B6	Y
0533 f082 01                 	FCB	$01	ON
0534 f083 09                 	FCB	$9	X
0535 f084 cf                 	FCB	$CF	Y
0536 f085 10                 	FCB	$10	X
0537 f086 e2                 	FCB	$E2	Y
0538 f087 24                 	FCB	$24	X
0539 f088 ef                 	FCB	$EF	Y
0540 f089 2e                 	FCB	$2E	X
0541 f08a f2                 	FCB	$F2	Y
0542 f08b 38                 	FCB	$38	X
0543 f08c e3                 	FCB	$E3	Y
0544 f08d 3c                 	FCB	$3C	X
0545 f08e c6                 	FCB	$C6	Y
0546 f08f 3c                 	FCB	$3C	X
0547 f090 af                 	FCB	$AF	Y
0548 f091 35                 	FCB	$35	X
0549 f092 9e                 	FCB	$9E	Y
0550 f093 2b                 	FCB	$2B	X
0551 f094 7f                 	FCB	$7F	Y
0552 f095 06                 	FCB	$6	X
0553 f096 14                 	FCB	$14	Y
0554 f097 3c                 	FCB	$3C	X
0555 f098 15                 	FCB	$15	Y
0556 f099 00                 	FCB	$00	OFF
0557 f09a ff                 	FCB	$FF    END
0558                         
0559 f0a0                    	ORG    DIG_3
0560 f0a0 0c                 	FCB	$C	X
0561 f0a1 c0                 	FCB	$C0	Y
0562 f0a2 01                 	FCB	$01	ON
0563 f0a3 0f                 	FCB	$F	X
0564 f0a4 e0                 	FCB	$E0	Y
0565 f0a5 25                 	FCB	$25	X
0566 f0a6 ea                 	FCB	$EA	Y
0567 f0a7 36                 	FCB	$36	X
0568 f0a8 de                 	FCB	$DE	Y
0569 f0a9 3b                 	FCB	$3B	X
0570 f0aa b5                 	FCB	$B5	Y
0571 f0ab 35                 	FCB	$35	X
0572 f0ac 8a                 	FCB	$8A	Y
0573 f0ad 20                 	FCB	$20	X
0574 f0ae 7b                 	FCB	$7B	Y
0575 f0af 33                 	FCB	$33	X
0576 f0b0 62                 	FCB	$62	Y
0577 f0b1 3a                 	FCB	$3A	X
0578 f0b2 54                 	FCB	$54	Y
0579 f0b3 3b                 	FCB	$3B	X
0580 f0b4 38                 	FCB	$38	Y
0581 f0b5 36                 	FCB	$36	X
0582 f0b6 21                 	FCB	$21	Y
0583 f0b7 23                 	FCB	$23	X
0584 f0b8 0c                 	FCB	$C	Y
0585 f0b9 10                 	FCB	$10	X
0586 f0ba 15                 	FCB	$15	Y
0587 f0bb 0d                 	FCB	$D	X
0588 f0bc 32                 	FCB	$32	Y
0589 f0bd 00                 	FCB	$00	OFF
0590 f0be ff                 	FCB	$FF    END
0591                         
0592                         
0593 f0c0                    	ORG    DIG_4
0594 f0c0 3c                 	FCB	$3C	X
0595 f0c1 ee                 	FCB	$EE	Y
0596 f0c2 01                 	FCB	$01	ON
0597 f0c3 07                 	FCB	$7	X
0598 f0c4 55                 	FCB	$55	Y
0599 f0c5 3c                 	FCB	$3C	X
0600 f0c6 55                 	FCB	$55	Y
0601 f0c7 3d                 	FCB	$3D	X
0602 f0c8 ec                 	FCB	$EC	Y
0603 f0c9 3c                 	FCB	$3C	X
0604 f0ca 09                 	FCB	$9	Y
0605 f0cb 00                 	FCB	$00	OFF
0606 f0cc ff                 	FCB	$FF    END
0607                         
0608                         
0609                         
0610 f0e0                    	ORG    DIG_5
0611 f0e0 3a                 	FCB	$3A	X
0612 f0e1 f3                 	FCB	$F3	Y
0613 f0e2 01                 	FCB	$01	ON
0614 f0e3 0a                 	FCB	$A	X
0615 f0e4 f3                 	FCB	$F3	Y
0616 f0e5 09                 	FCB	$9	X
0617 f0e6 99                 	FCB	$99	Y
0618 f0e7 19                 	FCB	$19	X
0619 f0e8 95                 	FCB	$95	Y
0620 f0e9 2b                 	FCB	$2B	X
0621 f0ea 8b                 	FCB	$8B	Y
0622 f0eb 39                 	FCB	$39	X
0623 f0ec 7b                 	FCB	$7B	Y
0624 f0ed 3c                 	FCB	$3C	X
0625 f0ee 49                 	FCB	$49	Y
0626 f0ef 37                 	FCB	$37	X
0627 f0f0 3a                 	FCB	$3A	Y
0628 f0f1 29                 	FCB	$29	X
0629 f0f2 23                 	FCB	$23	Y
0630 f0f3 1e                 	FCB	$1E	X
0631 f0f4 1b                 	FCB	$1B	Y
0632 f0f5 13                 	FCB	$13	X
0633 f0f6 11                 	FCB	$11	Y
0634 f0f7 0b                 	FCB	$B	X
0635 f0f8 11                 	FCB	$11	Y
0636 f0f9 00                 	FCB	$00	OFF
0637 f0fa ff                 	FCB	$FF    END
0638                         
0639 f100                    	ORG    DIG_6
0640 f100 3a                 	FCB	$3A	X
0641 f101 e2                 	FCB	$E2	Y
0642 f102 01                 	FCB	$01	ON
0643 f103 18                 	FCB	$18	X
0644 f104 b0                 	FCB	$B0	Y
0645 f105 08                 	FCB	$8	X
0646 f106 5b                 	FCB	$5B	Y
0647 f107 08                 	FCB	$8	X
0648 f108 0e                 	FCB	$E	Y
0649 f109 3a                 	FCB	$3A	X
0650 f10a 0e                 	FCB	$E	Y
0651 f10b 3a                 	FCB	$3A	X
0652 f10c 60                 	FCB	$60	Y
0653 f10d 09                 	FCB	$9	X
0654 f10e 5f                 	FCB	$5F	Y
0655                         
0656 f10f 00                 	FCB	$00	OFF
0657 f110 ff                 	FCB	$FF    END
0658                         
0659                         
0660 f120                    	ORG    DIG_7
0661 f120 08                 	FCB	$8	X
0662 f121 f0                 	FCB	$F0	Y
0663 f122 01                 	FCB	$01	ON
0664 f123 3d                 	FCB	$3D	X
0665 f124 f0                 	FCB	$F0	Y
0666 f125 0d                 	FCB	$D	X
0667 f126 0f                 	FCB	$F	Y
0668 f127 00                 	FCB	$00	OFF
0669 f128 ff                 	FCB	$FF    END
0670                         
0671                         
0672 f140                    	ORG    DIG_8
0673 f140 1f                 	FCB	$1F	X
0674 f141 7c                 	FCB	$7C	Y
0675 f142 01                 	FCB	$01	ON
0676 f143 39                 	FCB	$39	X
0677 f144 b1                 	FCB	$B1	Y
0678 f145 3b                 	FCB	$3B	X
0679 f146 d5                 	FCB	$D5	Y
0680 f147 1a                 	FCB	$1A	X
0681 f148 fa                 	FCB	$FA	Y
0682 f149 03                 	FCB	$3	X
0683 f14a c6                 	FCB	$C6	Y
0684 f14b 3a                 	FCB	$3A	X
0685 f14c 4d                 	FCB	$4D	Y
0686 f14d 25                 	FCB	$25	X
0687 f14e 0f                 	FCB	$F	Y
0688 f14f 04                 	FCB	$4	X
0689 f150 48                 	FCB	$48	Y
0690 f151 1f                 	FCB	$1F	X
0691 f152 81                 	FCB	$81	Y
0692 f153 00                 	FCB	$00	OFF
0693 f154 ff                 	FCB	$FF    END
0694                         
0695 f160                    	ORG    DIG_9
0696 f160 3a                 	FCB	$3A	X
0697 f161 fa                 	FCB	$FA	Y
0698 f162 01                 	FCB	$01	ON
0699 f163 0b                 	FCB	$B	X
0700 f164 fa                 	FCB	$FA	Y
0701 f165 0b                 	FCB	$B	X
0702 f166 ad                 	FCB	$AD	Y
0703 f167 3c                 	FCB	$3C	X
0704 f168 ad                 	FCB	$AD	Y
0705 f169 3c                 	FCB	$3C	X
0706 f16a f9                 	FCB	$F9	Y
0707 f16b 3d                 	FCB	$3D	X
0708 f16c 12                 	FCB	$12	Y
0709 f16d 0d                 	FCB	$D	X
0710 f16e 12                 	FCB	$12	Y
0711 f16f 00                 	FCB	$00	OFF
0712 f170 ff                 	FCB	$FF    END
0713                         
0714                         	
0715 f180                    	ORG    LET_A
0716 f180 04                 	FCB	$4	X
0717 f181 04                 	FCB	$4	Y
0718 f182 01                 	FCB	$01	ON
0719 f183 1e                 	FCB	$1E	X
0720 f184 f9                 	FCB	$F9	Y
0721 f185 3d                 	FCB	$3D	X
0722 f186 03                 	FCB	$3	Y
0723 f187 00                 	FCB	$00      OFF
0724 f188 11                 	FCB	$11	X
0725 f189 76                 	FCB	$76	Y
0726 f18a 01                 	FCB	$01	ON
0727 f18b 2e                 	FCB	$2E	X
0728 f18c 77                 	FCB	$77	Y
0729 f18d 00                 	FCB	$00	OFF
0730 f18e ff                 	FCB	$FF    END
0731                         
0732 f1a0                    	ORG    LET_B
0733 f1a0 09                 	FCB	$9	X
0734 f1a1 09                 	FCB	$9	Y
0735 f1a2 01                 	FCB	$01	ON
0736 f1a3 0a                 	FCB	$A	X
0737 f1a4 f2                 	FCB	$F2	Y
0738 f1a5 3a                 	FCB	$3A	X
0739 f1a6 f0                 	FCB	$F0	Y
0740 f1a7 38                 	FCB	$38	X
0741 f1a8 9b                 	FCB	$9B	Y
0742 f1a9 30                 	FCB	$30	X
0743 f1aa 8c                 	FCB	$8C	Y
0744 f1ab 0b                 	FCB	$B	X
0745 f1ac 72                 	FCB	$72	Y
0746 f1ad 19                 	FCB	$19	X
0747 f1ae 64                 	FCB	$64	Y
0748 f1af 34                 	FCB	$34	X
0749 f1b0 52                 	FCB	$52	Y
0750 f1b1 39                 	FCB	$39	X
0751 f1b2 09                 	FCB	$9	Y
0752 f1b3 09                 	FCB	$9	X
0753 f1b4 07                 	FCB	$7	Y
0754 f1b5 00                 	FCB	$00	OFF
0755 f1b6 ff                 	FCB	$FF    END
0756                         
0757                         
0758 f1c0                    	ORG    LET_C
0759 f1c0 3c                 	FCB	$3C	X
0760 f1c1 f9                 	FCB	$F9	Y
0761 f1c2 01                 	FCB	$01	ON
0762 f1c3 21                 	FCB	$21	X
0763 f1c4 e4                 	FCB	$E4	Y
0764 f1c5 19                 	FCB	$19	X
0765 f1c6 d8                 	FCB	$D8	Y
0766 f1c7 0e                 	FCB	$E	X
0767 f1c8 be                 	FCB	$BE	Y
0768 f1c9 0c                 	FCB	$C	X
0769 f1ca aa                 	FCB	$AA	Y
0770 f1cb 0a                 	FCB	$A	X
0771 f1cc 93                 	FCB	$93	Y
0772 f1cd 09                 	FCB	$9	X
0773 f1ce 6f                 	FCB	$6F	Y
0774 f1cf 09                 	FCB	$9	X
0775 f1d0 39                 	FCB	$39	Y
0776 f1d1 13                 	FCB	$13	X
0777 f1d2 2e                 	FCB	$2E	Y
0778 f1d3 1e                 	FCB	$1E	X
0779 f1d4 20                 	FCB	$20	Y
0780 f1d5 26                 	FCB	$26	X
0781 f1d6 19                 	FCB	$19	Y
0782 f1d7 3d                 	FCB	$3D	X
0783 f1d8 0c                 	FCB	$C	Y
0784 f1d9 00                 	FCB	$00	OFF
0785 f1da ff                 	FCB	$FF    END
0786                         
0787                         
0788 f1e0                    	ORG    LET_D
0789 f1e0 09                 	FCB	$9	X
0790 f1e1 08                 	FCB	$8	Y
0791 f1e2 01                 	FCB	$01	ON
0792 f1e3 0a                 	FCB	$A	X
0793 f1e4 f8                 	FCB	$F8	Y
0794 f1e5 28                 	FCB	$28	X
0795 f1e6 f1                 	FCB	$F1	Y
0796 f1e7 31                 	FCB	$31	X
0797 f1e8 e7                 	FCB	$E7	Y
0798 f1e9 38                 	FCB	$38	X
0799 f1ea d3                 	FCB	$D3	Y
0800 f1eb 3a                 	FCB	$3A	X
0801 f1ec bb                 	FCB	$BB	Y
0802 f1ed 3c                 	FCB	$3C	X
0803 f1ee a7                 	FCB	$A7	Y
0804 f1ef 3c                 	FCB	$3C	X
0805 f1f0 70                 	FCB	$70	Y
0806 f1f1 3c                 	FCB	$3C	X
0807 f1f2 4e                 	FCB	$4E	Y
0808 f1f3 3c                 	FCB	$3C	X
0809 f1f4 38                 	FCB	$38	Y
0810 f1f5 31                 	FCB	$31	X
0811 f1f6 23                 	FCB	$23	Y
0812 f1f7 24                 	FCB	$24	X
0813 f1f8 13                 	FCB	$13	Y
0814 f1f9 08                 	FCB	$8	X
0815 f1fa 09                 	FCB	$9	Y
0816 f1fb 00                 	FCB	$00	OFF
0817 f1fc ff                 	FCB	$FF    END
0818                         
0819                         
0820 f200                    	ORG    LET_E
0821 f200 3c                 	FCB	$3C	X
0822 f201 fa                 	FCB	$FA	Y
0823 f202 01                 	FCB	$01	ON
0824 f203 06                 	FCB	$6	X
0825 f204 f9                 	FCB	$F9	Y
0826 f205 08                 	FCB	$8	X
0827 f206 00                 	FCB	$00	OFF
0828 f207 0a                 	FCB	$A	Y
0829 f208 3d                 	FCB	$3D	X
0830 f209 01                 	FCB	$01	ON
0831 f20a 09                 	FCB	$9	Y
0832 f20b 08                 	FCB	$8	X
0833 f20c 83                 	FCB	$83	Y
0834 f20d 3c                 	FCB	$3C	X
0835 f20e 81                 	FCB	$81	Y
0836 f20f 00                 	FCB	$00	OFF
0837 f210 ff                 	FCB	$FF	END
0838                         
0839 f220                    	ORG    LET_F
0840 f220 06                 	FCB	$6	X
0841 f221 09                 	FCB	$9	Y
0842 f222 01                 	FCB	$01	ON
0843 f223 08                 	FCB	$8	X
0844 f224 f9                 	FCB	$F9	Y
0845 f225 3a                 	FCB	$3A	X
0846 f226 f9                 	FCB	$F9	Y
0847 f227 00                 	FCB	$00	OFF
0848 f228 07                 	FCB	$7	X
0849 f229 78                 	FCB	$78	Y
0850 f22a 01                 	FCB	$01	ON
0851 f22b 3d                 	FCB	$3D	X
0852 f22c 77                 	FCB	$77	Y
0853 f22d 00                 	FCB	$00	OFF
0854 f22e ff                 	FCB	$FF	END
0855                         
0856 f240                    	ORG    LET_G
0857 f240 3c                 	FCB	$3C	X
0858 f241 f9                 	FCB	$F9	Y
0859 f242 01                 	FCB	$01	ON
0860 f243 07                 	FCB	$7	X
0861 f244 f9                 	FCB	$F9	Y
0862 f245 09                 	FCB	$9	X
0863 f246 09                 	FCB	$9	Y
0864 f247 3c                 	FCB	$3C	X
0865 f248 09                 	FCB	$9	Y
0866 f249 3c                 	FCB	$3C	X
0867 f24a 6d                 	FCB	$6D	Y
0868 f24b 15                 	FCB	$15	X
0869 f24c 6f                 	FCB	$6F	Y
0870 f24d 00                 	FCB	$00	OFF
0871 f24e ff                 	FCB	$FF	END
0872                         
0873 f260                    	ORG    LET_H
0874 f260 07                 	FCB	$7	X
0875 f261 f8                 	FCB	$F8	Y
0876 f262 01                 	FCB	$01	ON
0877 f263 07                 	FCB	$7	X
0878 f264 0a                 	FCB	$A	Y
0879 f265 00                 	FCB	$00	OFF
0880 f266 3b                 	FCB	$3B	X
0881 f267 fb                 	FCB	$FB	Y
0882 f268 01                 	FCB	$01	ON
0883 f269 3d                 	FCB	$3D	X
0884 f26a 0b                 	FCB	$B	Y
0885 f26b 00                 	FCB	$00	OFF
0886 f26c 08                 	FCB	$8	X
0887 f26d 89                 	FCB	$89	Y
0888 f26e 01                 	FCB	$01	ON
0889 f26f 3c                 	FCB	$3C	X
0890 f270 8a                 	FCB	$8A	Y
0891 f271 00                 	FCB	$00	OFF
0892 f272 ff                 	FCB 	$FF	END
0893                         
0894 f280                    	ORG    LET_I
0895 f280 28                 	FCB	$28	X
0896 f281 0c                 	FCB	$C	Y
0897 f282 01                 	FCB	$01	ON
0898 f283 29                 	FCB	$29	X
0899 f284 f6                 	FCB	$F6	Y
0900 f285 00                 	FCB	$00	OFF
0901 f286 ff                 	FCB	$FF	END
0902                         
0903 f2a0                    	ORG    LET_J
0904 f2a0 22                 	FCB	$22	X
0905 f2a1 fb                 	FCB	$FB	Y
0906 f2a2 01                 	FCB	$01
0907 f2a3 3c                 	FCB	$3C	X
0908 f2a4 fa                 	FCB	$FA	Y
0909 f2a5 3c                 	FCB	$3C	X
0910 f2a6 0c                 	FCB	$C	Y
0911 f2a7 0a                 	FCB	$A	X
0912 f2a8 0c                 	FCB	$C	Y
0913 f2a9 0a                 	FCB	$A	X
0914 f2aa 4f                 	FCB	$4F	Y
0915 f2ab 28                 	FCB	$28	X
0916 f2ac 4f                 	FCB	$4F	Y
0917 f2ad 28                 	FCB	$28	X
0918 f2ae 30                 	FCB	$30	Y
0919 f2af 00                 	FCB	$00	OFF
0920 f2b0 ff                 	FCB	$FF	END
0921                         
0922 f2c0                    	ORG    LET_K
0923 f2c0 14                 	FCB	$14	X
0924 f2c1 f9                 	FCB	$F9	Y
0925 f2c2 01                 	FCB	$01	ON
0926 f2c3 14                 	FCB	$14	X
0927 f2c4 0c                 	FCB	$C	Y
0928 f2c5 00                 	FCB	$00	OFF
0929 f2c6 3b                 	FCB	$3B	X
0930 f2c7 f9                 	FCB	$F9	Y
0931 f2c8 01                 	FCB	$01	ON
0932 f2c9 15                 	FCB	$15	X
0933 f2ca 8d                 	FCB	$8D	Y
0934 f2cb 3a                 	FCB	$3A	X
0935 f2cc 0c                 	FCB	$C	Y
0936 f2cd 00                 	FCB	$00	OFF
0937 f2ce ff                 	FCB	$FF	END
0938                         
0939 f2e0                    	ORG    LET_L
0940 f2e0 06                 	FCB	$6	X
0941 f2e1 f8                 	FCB	$F8	Y
0942 f2e2 01                 	FCB	$01	ON
0943 f2e3 06                 	FCB	$6	X
0944 f2e4 0c                 	FCB	$C	Y
0945 f2e5 3e                 	FCB	$3E	X
0946 f2e6 0c                 	FCB	$C	Y
0947 f2e7 00                 	FCB	$00	OFF
0948 f2e8 ff                 	FCB	$FF	END
0949                         
0950 f300                    	ORG    LET_M
0951 f300 07                 	FCB	$7	X
0952 f301 0c                 	FCB	$C	Y
0953 f302 01                 	FCB	$01	ON
0954 f303 07                 	FCB	$7	X
0955 f304 f9                 	FCB	$F9	Y
0956 f305 1f                 	FCB	$1F	X
0957 f306 8f                 	FCB	$8F	Y
0958 f307 3c                 	FCB	$3C	X
0959 f308 f8                 	FCB	$F8	Y
0960 f309 3c                 	FCB	$3C	X
0961 f30a 09                 	FCB	$9	Y
0962 f30b 00                 	FCB	$00	OFF
0963 f30c ff                 	FCB	$FF	END
0964                         
0965 f320                    	ORG    LET_N
0966 f320 07                 	FCB	$7	X
0967 f321 09                 	FCB	$9	Y
0968 f322 01                 	FCB	$01	ON
0969 f323 07                 	FCB	$7	X
0970 f324 f9                 	FCB	$F9	Y
0971 f325 3b                 	FCB	$3B	X
0972 f326 0c                 	FCB	$C	Y
0973 f327 3c                 	FCB	$3C	X
0974 f328 f5                 	FCB	$F5	Y
0975 f329 00                 	FCB	$00	OFF
0976 f32a ff                 	FCB	$FF	END
0977                         
0978 f340                    	ORG    LET_O
0979 f340 22                 	FCB	$22	X
0980 f341 06                 	FCB	$6	Y
0981 f342 01                 	FCB	$01	ON
0982 f343 06                 	FCB	$6	X
0983 f344 43                 	FCB	$43	Y
0984 f345 04                 	FCB	$4	X
0985 f346 7e                 	FCB	$7E	Y
0986 f347 10                 	FCB	$10	X
0987 f348 da                 	FCB	$DA	Y
0988 f349 27                 	FCB	$27	X
0989 f34a f6                 	FCB	$F6	Y
0990 f34b 3a                 	FCB	$3A	X
0991 f34c b2                 	FCB	$B2	Y
0992 f34d 3e                 	FCB	$3E	X
0993 f34e 84                 	FCB	$84	Y
0994 f34f 3c                 	FCB	$3C	X
0995 f350 58                 	FCB	$58	Y
0996 f351 22                 	FCB	$22	X
0997 f352 08                 	FCB	$8	Y
0998 f353 00                 	FCB	$00	OFF
0999 f354 ff                 	FCB	$FF	END
1000                         
1001 f360                    	ORG    LET_P
1002                         	
1003 f360 08                 	FCB	$8	X
1004 f361 0a                 	FCB	$A	Y
1005 f362 01                 	FCB	$01	ON
1006 f363 09                 	FCB	$9	X
1007 f364 f3                 	FCB	$F3	Y
1008 f365 3c                 	FCB	$3C	X
1009 f366 f3                 	FCB	$F3	Y
1010 f367 3d                 	FCB	$3D	X
1011 f368 94                 	FCB	$94	Y
1012 f369 0a                 	FCB	$A	X
1013 f36a 95                 	FCB	$95	Y
1014 f36b 00                 	FCB	$00	OFF
1015 f36c ff                 	FCB	$FF	END
1016                         
1017                         
1018 f380                    	ORG    LET_Q
1019 f380 22                 	FCB	$22	X
1020 f381 06                 	FCB	$6	Y
1021 f382 06                 	FCB	$6	X
1022 f383 43                 	FCB	$43	Y
1023 f384 04                 	FCB	$4	X
1024 f385 7e                 	FCB	$7E	Y
1025 f386 10                 	FCB	$10	X
1026 f387 da                 	FCB	$DA	Y
1027 f388 27                 	FCB	$27	X
1028 f389 f6                 	FCB	$F6	Y
1029 f38a 3a                 	FCB	$3A	X
1030 f38b b2                 	FCB	$B2	Y
1031 f38c 3e                 	FCB	$3E	X
1032 f38d 84                 	FCB	$84	Y
1033 f38e 3c                 	FCB	$3C	X
1034 f38f 58                 	FCB	$58	Y
1035                         
1036 f390 22                 	FCB	$22	X
1037 f391 08                 	FCB	$8	Y
1038 f392 00                 	FCB	$00	OFF
1039 f393 22                 	FCB	$22	X
1040 f394 44                 	FCB	$44	Y
1041 f395 01                 	FCB	$01	ON
1042 f396 31                 	FCB	$31	X
1043 f397 13                 	FCB	$13	Y
1044 f398 3b                 	FCB	$3B	X
1045 f399 08                 	FCB	$8	Y
1046 f39a 00                 	FCB	$00	OFF
1047 f39b ff                 	FCB	$FF	END
1048                         
1049 f3a0                    	ORG    LET_R
1050 f3a0 09                 	FCB	$9	X
1051 f3a1 0a                 	FCB	$A	Y
1052 f3a2 01                 	FCB	$01	OFF
1053 f3a3 07                 	FCB	$7	X
1054 f3a4 fa                 	FCB	$FA	Y
1055 f3a5 28                 	FCB	$28	X
1056 f3a6 f9                 	FCB	$F9	Y
1057 f3a7 34                 	FCB	$34	X
1058 f3a8 d2                 	FCB	$D2	Y
1059 f3a9 29                 	FCB	$29	X
1060 f3aa b4                 	FCB	$B4	Y
1061 f3ab 08                 	FCB	$8	X
1062 f3ac b4                 	FCB	$B4	Y
1063 f3ad 33                 	FCB	$33	X
1064 f3ae 0a                 	FCB	$A	Y
1065 f3af 00                 	FCB	$00	OFF
1066 f3b0 ff                 	FCB	$FF	END
1067                         
1068 f3c0                    	ORG    LET_S
1069 f3c0 3a                 	FCB	$3A	X
1070 f3c1 c7                 	FCB	$C7	Y
1071 f3c2 01                 	FCB	$01	ON
1072 f3c3 21                 	FCB	$21	X
1073 f3c4 f4                 	FCB	$F4	Y
1074 f3c5 0a                 	FCB	$A	X
1075 f3c6 c3                 	FCB	$C3	Y
1076 f3c7 06                 	FCB	$6	X
1077 f3c8 8d                 	FCB	$8D	Y
1078 f3c9 21                 	FCB	$21	X
1079 f3ca 72                 	FCB	$72	Y
1080 f3cb 3a                 	FCB	$3A	X
1081 f3cc 61                 	FCB	$61	Y
1082 f3cd 38                 	FCB	$38	X
1083 f3ce 10                 	FCB	$10	Y
1084 f3cf 09                 	FCB	$9	X
1085 f3d0 0d                 	FCB	$D	Y
1086 f3d1 08                 	FCB	$8	X
1087 f3d2 32                 	FCB	$32	Y
1088 f3d3 00                 	FCB	$00	OFF
1089 f3d4 ff                 	FCB	$FF	END
1090                         
1091 f3e0                    	ORG    LET_T
1092 f3e0 04                 	FCB	$4	X
1093 f3e1 fa                 	FCB	$FA	Y
1094 f3e2 01                 	FCB	$01      ON
1095 f3e3 3c                 	FCB	$3C	X
1096 f3e4 fa                 	FCB	$FA	Y
1097 f3e5 00                 	FCB	$00      OFF
1098 f3e6 1f                 	FCB	$1F	X
1099 f3e7 fa                 	FCB	$FA	Y
1100 f3e8 01                 	FCB	$01      ON
1101 f3e9 1f                 	FCB	$1F	X
1102 f3ea 09                 	FCB	$9	Y
1103 f3eb 00                 	FCB	$00      OFF
1104 f3ec ff                 	FCB	$FF      END
1105                         
1106 f400                    	ORG    LET_U
1107 f400 03                 	FCB	$3	X
1108 f401 fa                 	FCB	$FA	Y
1109 f402 01                 	FCB	$01      ON
1110 f403 05                 	FCB	$5	X
1111 f404 0a                 	FCB	$A	Y
1112 f405 3b                 	FCB	$3B	X
1113 f406 0a                 	FCB	$A	Y
1114 f407 3b                 	FCB	$3B	X
1115 f408 fa                 	FCB	$FA	Y
1116 f409 00                 	FCB	$00      OFF
1117 f40a ff                 	FCB	$FF      END
1118                         
1119 f420                    	ORG    LET_V
1120 f420 04                 	FCB	$4	X
1121 f421 fa                 	FCB	$FA	Y
1122 f422 01                 	FCB	$01      ON
1123 f423 1f                 	FCB	$1F	X
1124 f424 07                 	FCB	$7	Y
1125 f425 3b                 	FCB	$3B	X
1126 f426 fa                 	FCB	$FA	Y
1127 f427 00                 	FCB	$00      OFF
1128 f428 ff                 	FCB	$FF      END
1129                         
1130 f440                    	ORG    LET_W
1131 f440 05                 	FCB	$5	X
1132 f441 fa                 	FCB	$FA	Y
1133 f442 01                 	FCB	$01      ON
1134 f443 0d                 	FCB	$D	X
1135 f444 09                 	FCB	$9	Y
1136 f445 1f                 	FCB	$1F	X
1137 f446 75                 	FCB	$75	Y
1138 f447 2e                 	FCB	$2E	X
1139 f448 09                 	FCB	$9	Y
1140 f449 3c                 	FCB	$3C	X
1141 f44a f9                 	FCB	$F9	Y
1142 f44b 00                 	FCB	$00      OFF
1143 f44c ff                 	FCB	$FF      END
1144                         
1145 f460                    	ORG    LET_X
1146 f460 06                 	FCB	$6	X
1147 f461 09                 	FCB	$9	Y
1148 f462 01                 	FCB	$01      ON
1149 f463 39                 	FCB	$39	X
1150 f464 f9                 	FCB	$F9	Y
1151 f465 00                 	FCB	$00      OFF
1152 f466 06                 	FCB	$6	X
1153 f467 f9                 	FCB	$F9	Y
1154 f468 01                 	FCB	$01      ON
1155 f469 3a                 	FCB	$3A	X
1156 f46a 09                 	FCB	$9	Y
1157 f46b 01                 	FCB	$01      OFF
1158 f46c ff                 	FCB	$FF      END
1159                         
1160 f480                    	ORG    LET_Y
1161 f480 06                 	FCB	$6	X
1162 f481 f9                 	FCB	$F9	Y
1163 f482 01                 	FCB	$01      ON
1164 f483 20                 	FCB	$20	X
1165 f484 80                 	FCB	$80	Y
1166 f485 00                 	FCB	$00      OFF
1167 f486 3b                 	FCB	$3B	X
1168 f487 f8                 	FCB	$F8	Y
1169 f488 01                 	FCB	$01     ON
1170 f489 0a                 	FCB	$A	X
1171 f48a 1e                 	FCB	$1E	Y
1172 f48b 00                 	FCB	$00      OFF
1173 f48c ff                 	FCB	$FF     	END
1174                         
1175 f4a0                    	ORG    LET_Z
1176 f4a0 06                 	FCB	$6	X
1177 f4a1 fa                 	FCB	$FA	Y
1178 f4a2 01                 	FCB	$01      ON
1179 f4a3 3c                 	FCB	$3C	X
1180 f4a4 f9                 	FCB	$F9	Y
1181 f4a5 07                 	FCB	$7	X
1182 f4a6 05                 	FCB	$5	Y
1183 f4a7 3d                 	FCB	$3D	X
1184 f4a8 04                 	FCB	$4	Y
1185 f4a9 00                 	FCB	$00      OFF
1186 f4aa ff                 	FCB	$FF      END
1187                         
1188 f4c0                    	ORG	MODE4_PATTERN
1189 f4c0 71                 	FCB	$71	X
1190 f4c1 75                 	FCB	$75	Y
1191 f4c2 01                 	FCB	$01	ON
1192 f4c3 7c                 	FCB	$7C	X
1193 f4c4 75                 	FCB	$75	Y
1194 f4c5 7d                 	FCB	$7D	X
1195 f4c6 81                 	FCB	$81	Y
1196 f4c7 72                 	FCB	$72	X
1197 f4c8 81                 	FCB	$81	Y
1198 f4c9 69                 	FCB	$69	X
1199 f4ca 83                 	FCB	$83	Y
1200 f4cb 6a                 	FCB	$6A	X
1201 f4cc 65                 	FCB	$65	Y
1202 f4cd 89                 	FCB	$89	X
1203 f4ce 64                 	FCB	$64	Y
1204 f4cf 8a                 	FCB	$8A	X
1205 f4d0 91                 	FCB	$91	Y
1206 f4d1 5e                 	FCB	$5E	X
1207 f4d2 92                 	FCB	$92	Y
1208 f4d3 5f                 	FCB	$5F	X
1209 f4d4 58                 	FCB	$58	Y
1210 f4d5 93                 	FCB	$93	X
1211 f4d6 56                 	FCB	$56	Y
1212 f4d7 94                 	FCB	$94	X
1213 f4d8 9e                 	FCB	$9E	Y
1214 f4d9 52                 	FCB	$52	X
1215 f4da a0                 	FCB	$A0	Y
1216 f4db 53                 	FCB	$53	X
1217 f4dc 48                 	FCB	$48	Y
1218 f4dd ae                 	FCB	$AE	X
1219 f4de 48                 	FCB	$48	Y
1220 f4df ae                 	FCB	$AE	X
1221 f4e0 b3                 	FCB	$B3	Y
1222 f4e1 3d                 	FCB	$3D	X
1223 f4e2 b4                 	FCB	$B4	Y
1224 f4e3 3e                 	FCB	$3E	X
1225 f4e4 2e                 	FCB	$2E	Y
1226 f4e5 c2                 	FCB	$C2	X
1227 f4e6 2e                 	FCB	$2E	Y
1228 f4e7 c3                 	FCB	$C3	X
1229 f4e8 c5                 	FCB	$C5	Y
1230 f4e9 33                 	FCB	$33	X
1231 f4ea c7                 	FCB	$C7	Y
1232 f4eb 33                 	FCB	$33	X
1233 f4ec 1a                 	FCB	$1A	Y
1234 f4ed d5                 	FCB	$D5	X
1235 f4ee 1a                 	FCB	$1A	Y
1236 f4ef d6                 	FCB	$D6	X
1237 f4f0 df                 	FCB	$DF	Y
1238 f4f1 26                 	FCB	$26	X
1239 f4f2 de                 	FCB	$DE	Y
1240 f4f3 24                 	FCB	$24	X
1241 f4f4 0e                 	FCB	$E	Y
1242 f4f5 e4                 	FCB	$E4	X
1243 f4f6 0f                 	FCB	$F	Y
1244 f4f7 e9                 	FCB	$E9	X
1245 f4f8 ef                 	FCB	$EF	Y
1246 f4f9 12                 	FCB	$12	X
1247 f4fa f0                 	FCB	$F0	Y
1248 f4fb 12                 	FCB	$12	X
1249 f4fc 0e                 	FCB	$E	Y
1250 f4fd 00                 	FCB	$00	OFF
1251 f4fe ff                 	FCB	$FF    END
1252                         
1253                         
1254                         
1255                         
1256                         ****************************************************************************************
1257                         *******				       END				********	
1258                         ****************************************************************************************
